40
740
400
410
100
135960
252784
421845
210545
549461
303739
285809
247250
231904
200184
404425
159591
1421354
550715
261790
527389
434677
335939
210764
191246
413909
478095
367625
348095
302379
104140
288420
669888
561361
300099
219014
673996
127362
448341
994664
543672
865200
524235
318833
221515
885345
386663
192065
192028
363895
367294
519778
273940
156898
332228
369895
319306
230183
185868
921798
1129993
368913
210765
813477
390368
313846
342033
344117
446968
232143
209754
297059
170934
961802
312636
257467
483740
886743
617703
256253
696682
326976
548855
896165
642471
