57
impossible
36
100
impossible
9
9
26
16
73
60
2
impossible
764401
5444
997
81341
impossible
50905
408169
49174
8439
196391
118035
286055
29312
167711
304658
impossible
310469
384406
144583
146553
122634
2960
219351
352091
257229
283255
396883
281230
139336
37992
996
262909
81814
537456
2890
47682
402017
256755
79357
17742
34988
17446
2984
320477
677033
5957
137892
170156
25368
92923
189602
2614
impossible
454622
19329
12550
308537
365098
327156
269857
128214
242913
9017
229485
82270
312954
7993
357650
19064
48815
649470
91969
156877
400904
58012
439200
134062
243026
impossible
410690
381108
8032
314645
664352
169214
211225
13303
