2
73912
0
0
0
24
0
36
317261294
1433607
452242928
634215292
977978639
119221935
640263612
576762034
929474550
349926050
214777180
67751546
13064276
21111334
55047034
745595484
789647987
375673645
79422429
449556698
472540524
390840430
994742737
623646946
753399122
503388556
629500224
713142224
388746890
631937776
360883456
445816584
229236663
834839837
557012564
39820303
601231608
993083407
320877594
12240561
883982564
765473615
66334081
704014585
774077327
184854403
510839865
125758258
35397492
405098137
53585375
565659247
705039757
23405201
398956297
689177319
256994142
179464963
14469986
236451467
252892999
354279669
295690948
852411484
25509807
458721861
917728445
404013722
109228984
630256453
216605991
779190648
209679004
482502319
22655134
262395852
101876732
288266812
907332267
378784049
566912386
274032296
639126405
312549033
928662408
611506535
902130400
361207539
500319437
961402315
23197722
160054179
