7: 1
2: 0
126: 2
1524: 3
7257600: 1742
87091200: 5980
958003200: 20571
1000000000: 23
1: 1
993686400: 3280
972159504: 9
241678080: 2939
788971644: 4
33506784: 65
127518104: 3
48058050: 1
321231024: 10
448498080: 179
922494776: 3
423675301: 0
483381360: 32
583640640: 513
983450160: 381
230320872: 5
327515370: 1
176938080: 116
472362480: 46
344695601: 0
261730884: 1
339812160: 19
192054734: 2
813374900: 3
541898100: 10
234806040: 181
293243328: 75
6702696: 134
135535680: 874
902097954: 2
648037152: 79
713053692: 74
369714618: 3
687673771: 0
944818560: 437
68144076: 33
809366922: 2
547316222: 2
71447250: 4
706386240: 144
248486166: 1
231401112: 18
484700640: 19
36897120: 138
536415264: 131
531335826: 1
551207280: 80
917326080: 1464
703738299: 0
836100720: 174
48701520: 80
944408304: 30
590903040: 498
300639240: 43
719828801: 0
540375000: 10
512182248: 9
540350841: 0
248976000: 2268
142013088: 46
206908416: 253
377602560: 632
556303680: 473
513618840: 19
688370561: 0
485398620: 44
578707200: 646
741243384: 22
260509408: 5
906583104: 414
507346560: 97
755645616: 14
531052261: 0
925048307: 0
523465200: 90
155151360: 1646
18021788: 2
969847200: 157
484176000: 335
298190612: 1
673495269: 0
698967360: 2571
760665600: 1767
533687364: 1
130552200: 18
298439232: 299
574507584: 41
885764334: 2
546312737: 0
280234800: 64
846794088: 4
209664000: 3125
