impossible
59
113
140
148
49
126
impossible
impossible
39
impossible
92
impossible
59
impossible
114
impossible
impossible
impossible
63
impossible
98
impossible
81
85
149
153
impossible
impossible
impossible
68
4
63
166
impossible
impossible
173
impossible
117
118
impossible
117
56
128
201
88
98
68
47
137
impossible
167
82
207
116
100
123
67
impossible
44
impossible
67
49
160
impossible
impossible
impossible
impossible
12
112
71
168
174
90
104
impossible
impossible
70
impossible
impossible
98
103
124
impossible
26
impossible
36
87
56
110
144
78
impossible
124
31
32
155
168
114
86
