zzzzzzzzzzzzzzzzzzzz
 
"I;Rr)yXmo5.6*%7!o:j
4V"oRDtUfss-eV=}j(ua
p&irDwl%MD1C)"&k7h{2
w5>wPrw &3}+R<D!:mg+
eL8H+FA*/Vhz/")d?t>h
gk##++
PPlRR==l
g8aECVo5YU"MM::7J
::)O"1E5E/7bW
)
)8GHZZZZCH<JTOJtSS
UULh'}TG(<B>61p+++55
fDBl
uNMZx0LLlOw_
,p6oo/P[A[I7;:
Y&'D(PPTBBmls'}SEF1H
X
G%55%9l
84q21ku_S%!
OANa
!!Y++[[Hbu..fC+V
J2XXXJJXJJJJ>Jzz
bDpp
{Gg8b}%CK]b
3KeeBn
8;?
b_4qV"[7R&!ZBB?[k
"!A/++Wd;Pxs
%.G0o%{{UUUb)V
ffy9H2l
ZqC&<G/=yMuu+BjL:]+/
L_
]eTV    "ER,+hh=F>
oztnn2nkmnAC<NNoV+
*bbb]y==(L((tP
>>o77f49MMxx!
{t[IgyZ<
00 );
jYtt%r
AiN
No
MOMM-**Nd&&cM
_>XRv[[ouC==_
3av+ZB
k/kkkp;;ZZ
&PlpV=rr#6a2cX'<LF
U}llMM-fk655}
nmNN6hh:aOl
 LRo]M,,AAv
ZZ?
_;;P
8Wc5((5k:WfLL5
DFvv;ww>> ZW,wEj
yyV..fls__RRNG
khddpo"zd4cI
]Xddss1,l
ca4VFpPn'g'h&
bS2m[hhsgRRRQBaz+!
ncEMR
esJmj5"VIxf?
L""kw&q
+n"*By++9ww_''wB
2DDdUG"iPPPS!!lk
t#ScP1g___
0
Q:447KKD+S'}vf3A
K2_'p
Pww
)EE%3%U[%%%%BvIh#RKU
{#t<?b+#_FQ+,hazx
+Z
??;vv<<[]ttksY]
Y7&af)))2KC04)x1c
}WttF
mmeeEE1Sp]hhE&o<
/HbU/;#
1B]]] __Fn
YDFyGaVAJS7<
FEUhU;;h;j7kk77
xQ
v(nnnJSM6
SRQHMff>E[
=/=q.wSx
vNkLLyyyyyyysXB[/
,5t3*ij???=?VVVVV5
#NNpV{uYN
O4C/;
%uuGAAAAAOt
235p88i*e{{%t/p2t
< Y
4/PqYiiZi,,XX
EE:YGm
&
*!!iYWv_Q
5MM:.{gww'K
%8w
r==+K>-WX]kkm4
Xkgg2TePDDLL--
