1
333333334
2
2
999999987
200000
274451
26666
95399
62950
649930
49864
1164752
705565
50956
302023
2857024
420544
1018709
165943
276291
97748
13611
108629
261139
331555
332187
157711
10546
197532
137872
186665
193494
805
9508
83032
33694
444645
6940179
154312
249521
547117
26901
9533
121905
1974319
1241646
81519
133145
345183
273907
198689
513378
87157
104245
344504
3800068
487197
507431
30470
2041660
234014
205514
746886
114982
64391
201557
89773
62621
256418
533831
45087
86009
199319
8675
13779069
174266
50816
220563
103284
142317
1875648
280128
296068
167659
625002
1515538
139406
6980
580154
183876
642074
23995
2969964
373103
2171039
106882
218108
526414
1502366
