0.55
0.45
0.45
0.0
1.0
No Collision
0.0
0.0
0.3333333333333333
No Collision
No Collision
0.9049916805324459
No Collision
0.45585180055401664
0.0767509509957485
0.8133068520357497
0.4012208657047725
No Collision
0.5799413871703029
0.9591973244147157
0.6123988022623933
0.7136435748281332
0.6834217920699345
0.798402434385698
0.37387277601754815
No Collision
No Collision
No Collision
0.32135384615384616
0.14672594987873888
0.994191112401975
0.7188417960553923
0.9979525678211909
0.8023344328850546
No Collision
No Collision
No Collision
0.0443176831943835
0.8558400999375391
0.16398037841625787
0.14214202561117578
No Collision
0.520947498674209
0.3176064441887227
0.53755127800568
0.15467980295566502
0.30303030303030304
0.48119891008174387
0.80042689434365
0.5885116702030918
No Collision
0.46163499462172825
0.1286372453928225
0.26661075389059735
0.11228473019517796
0.7054317548746518
No Collision
No Collision
0.4215713883413123
0.9601978332548281
0.21405460060667342
0.09765142150803462
0.7452830188679245
0.054385178544748246
0.5236013986013986
0.9669683257918552
0.25740592473979185
0.21425435387092054
0.6656195023875345
No Collision
0.46123758900812356
No Collision
0.1786085150571132
No Collision
No Collision
0.05819158460161146
No Collision
No Collision
0.39125279936767227
0.8827699018538713
0.62331373227257
No Collision
0.3628206925557269
No Collision
0.09746774964166269
No Collision
No Collision
0.5871212121212122
0.2966849511089912
No Collision
0.20957270119281293
0.4144758552414476
0.6758914316125598
0.9338562645749418
0.539302227826818
0.4927244235504813
0.2503155996393147
0.9398743643434041
0.5325829383886256
0.8587767279960219
