26
1
65535
16916
0
62097
5870
41120
45543
0
0
0
0
0
42181
0
36990
61287
20757
53073
0
13996
22745
17725
10306
50280
0
31482
39023
13840
8010
0
0
6802
27249
0
46577
4207
9982
659
21268
36
0
5
0
0
25812
18339
5724
0
37204
0
4793
35407
48004
45399
14283
24040
0
54569
51287
15
63812
0
3990
62725
5787
63688
0
35572
32679
61749
62502
12911
26918
9234
0
39285
17428
45486
54610
15562
41759
19772
28237
33473
30928
13233
44079
0
24247
33727
43789
7770
0
0
29653
37359
0
0
