0.6428571428571429
0.5
1.0
0.0
0.0
0.5
0.97010101010101
0.9999950775364659
0.3333333333333333
0.5
2.786526484888268E-9
0.06657840097712744
9.159436576030268E-10
0.012777221728825438
0.9999956632163133
0.9996985048329298
0.9999999995899216
0.11739517805418345
0.9792464351559359
0.9997106548850221
0.9999726384890147
0.7855922854977239
1.0
0.9998724513269888
3.5898328740947965E-12
0.9998981232240672
0.9999999999999988
0.16320208416407758
0.9999999999999406
0.5776078841512702
0.4329251996252337
0.9970542707290662
0.9999998917050914
0.9990381399482161
0.28015359876649193
0.003175843696822623
5.27390483661877E-17
0.16869941106908384
0.9999497642423034
7.075610697580267E-4
0.2073251263102398
5.989567402462726E-7
7.249890289437587E-5
0.5034711432190555
2.0765930329453986E-4
0.014774272383666982
0.9999996615690208
0.4602208659232876
0.9999956831847803
1.9679609800077024E-4
0.25902181852082823
0.0016282068888550847
1.1174772923571155E-8
0.08275444765102331
7.831069306217816E-4
0.004801260912878294
0.00263877218072907
0.9481244695084948
0.9999999983735657
0.9917024399105326
3.398564266866368E-8
0.9607521314483803
0.9999999980860647
0.045063535125329825
1.6754958002889821E-9
0.25074587096193796
1.404630345714859E-5
1.8883338834358994E-4
0.9999927777463627
0.30653953523859434
0.022955646490199284
0.06864178535441984
0.999828569939808
0.23052454148620552
0.9999999999986805
0.9999808538165881
0.739906536343988
0.8960845094197507
4.556218405631141E-10
4.1833556093574086E-5
1.5738831644565778E-16
0.9879046358727132
0.9999999956540919
3.2648910072968994E-5
0.9999999999999999
7.919960855811524E-5
0.9999999283216041
0.9261711490095096
1.0
0.9998776486693476
1.0
0.09412597274131228
0.48668590188614064
0.4899877144462806
0.0
0.9690795642536914
3.5080537758761293E-22
0.9623460601047705
6.451553022304566E-10
0.006265146490396539
