jkzok
ktkohbzv
jdehxgtw
xlvrpjyn
mv
vmwiuwejwxhzvfoy
nlin
bpmpziqifn
vjznxbwxgv
obfyxxkmqcqh
lleajkzrlyb
zduvzugjtzva
uqtpipsgofrcghlrsytk
euzguwpbeotrvytskpw
wqosdmitgygygxztrff
dpqm
mojssnojmihnm
pghgcypdtqx
uecvu
tjvogs
qaga
qcb
rbjolanxe
gpsecoaqfbynaxofqff
efdaexjnbjebdu
oyzddemc
jwuoriczyzzzpcf
si
kisyvgytkbjdp
ffcsix
wvwyzqzlzmcemia
xjucluiyyj
yzqjwubpwmjz
zgijc
jblcaxbjyicunypdxzh
enictshmxc
pkto
aqcsuavhky
w
ozfvt
djafinejsucritrv
otkbyppujsdoehmagp
eag
qhtubehshbqbiihsr
zqhvsfyvvmxpxsnp
cmzofedhwunoqhpikvd
lpjjekt
nxrkzdmtqdn
itddsvwip
rfwty
puluildxu
dopharnxvgsbvfmvhl
ekewppmfr
gpiwcsiybmr
bimtmkjzzqtkhh
nppwuhvig
rvqvefijh
skldipnqyiuvqjyj
sqfihatzpbttppa
txpmhiruvjjycvguxva
mcgeigmfpnlhsblkdjoj
leglkwbox
cvfydijb
hcyprfhayrt
dlixpcnz
dpx
pmahppvsngftnkuu
vvypmei
rmukowhhlqzctsigcl
vnjaxciytnsejkg
zbhivorgjcevc
dspfkpewfpkf
snavkaluwihuomlz
okukgnafegddgudq
zeqaslort
oyyxgllnkcdftif
trdmclconkjpzpylt
urikfrwy
wscen
stxurqwwjqmjhtvkf
qebsrfmyfk
ogbeskjle
kmujinvmcaa
a
keecxazocpdtoqn
ixpwnjgk
oqwkoqhhvyzrwgxsd
ceuiyvbhwwfoun
dyannqyclgeoknv
tltpchmywlhjfsxf
jg
zwnxvxusxaifwvyq
zbmfyxvxmejdwqyrrzba
rptmpbgnriqtlxlb
tlzkyaypeovjko
wxqonxcyj
uvipsjwi
oktozwuvj
beffbegvyypnftestc
qzcasbvxr
