1
16777215
1828605
774646
3962516
15980049
15749403
11028031
8565938
222616
4788620
12075157
7047968
1208410
9821035
6285667
14807203
16642367
15964916
4236558
16078925
793187
7975216
14668246
10167382
2974478
15798201
9141013
10033030
9383093
1019221
13718980
15442885
633948
6122586
5208174
16755695
11194004
1094801
7037281
12965049
12189821
626285
7534754
10370200
2940060
5538266
16017226
16644504
12770561
13308800
13938474
1863707
16668576
3724247
16390308
9249969
1253207
7511820
6203149
743248
13064765
11495658
3138942
8868867
4791231
13469509
6587190
5896898
4429689
10821535
345317
111708
2670681
12052641
7212555
9736704
13656214
1580932
2409758
12979299
6013389
14952041
11472007
10183426
14496621
13757263
2941773
5263225
11848042
10276104
9263462
1985175
512530
5921059
1289821
3365482
5157739
6676448
11946932
13232455
13426332
5796893
12987275
10605760
52776
168172
6578169
11762919
14025381
3556783
11831505
7880059
12658376
285123
9842532
3169734
957909
8161186
1840395
12918020
11393352
11044139
1551070
15083574
13106267
16464776
16777146
7102941
9858208
6887899
6200866
8423768
5641196
7613986
14803418
2286397
16659371
4599644
5996271
1685637
11389782
1859229
7015461
10423299
11581291
7122332
8355136
169369
11388695
15290628
5743490
8105483
2173807
8351506
5825500
3633052
14336626
4147166
1342512
15334883
15590418
6803781
4635018
7238899
7891472
3498963
10536442
15709590
56577
3319805
14986640
5032599
509150
4501061
6584931
9330827
15089852
2005721
15748524
15682254
5513813
14093092
13407570
13684113
1178482
10545745
8946059
9694250
5738251
13307648
10360578
6007675
15554152
12950970
13127026
13685207
6280207
10601837
1099910
12471288
10852403
15734825
14541080
6685346
16579597
11228206
14864271
6327761
13938857
10556940
14608856
5687087
6448311
2593367
11928883
9105714
3991978
8851755
12267716
9941534
217102
15695241
2627250
10867476
15770613
12455738
13532263
4083431
5506981
14457966
3566603
7131222
6231458
12834529
11714507
12548550
12091164
12798118
10410847
7557191
14620584
4557980
1281190
6905525
13206534
7659130
925279
16201718
7403204
9156683
6541581
15081261
3765463
14604396
856798
10405495
9456986
15315300
7789227
3417237
12680599
16502278
12436844
6199176
976720
3503571
1942165
2167669
10509803
15425051
10043166
6606493
1157362
15525608
615433
16019197
5487186
2490567
8330631
8809213
6850043
5074285
5535087
9887003
5566236
6405976
8910412
4964545
10123099
4393055
3305031
2299424
12742339
6084369
2849534
5840730
1999110
11780059
6853798
7175612
16690078
6504651
7040225
9476614
5945598
5015100
5213792
11493657
7176811
271182
13914911
15334717
2251811
9730440
4153442
2284810
10039611
797708
4521032
10348485
9168803
11244319
6729799
16543821
2611230
7983209
9291009
14749636
1587565
12171962
3035708
13578090
2784311
12613659
1616552
830734
4439713
11749054
6954396
566669
7248002
5213156
15409315
11603088
12230884
12050138
12060678
13720650
10170807
15888889
7516958
11488152
8979647
15780574
9341400
4131456
161524
4090947
11365973
1522590
12601574
7579073
10177118
6646230
3204597
14902219
6229698
2518047
2773486
5144117
3347682
7518526
6486932
5544387
2357436
6643545
12836170
8542605
11801723
10805601
2778900
14564955
5438071
8381814
14080253
5317097
14374917
8668486
11258651
14480854
12505875
1416834
11389164
14940597
3055068
7420148
16646601
7094080
8946222
6268443
16330286
15662147
12282237
3219971
5500148
8439051
5464546
2648052
2096126
9920546
9199492
13122566
12176227
235916
4982095
3316174
13897740
8455462
5630050
9243588
5183078
2315290
9626196
13393573
6534576
8940201
16457515
160276
387468
11542072
12304568
15438766
6369195
5114615
11272780
10841897
1109807
16228868
3338967
13647936
5851731
5776139
8254533
8095589
4774325
3531867
7952070
13251887
7468922
3136502
8354770
13554331
15883521
5244616
4725728
6212829
15330737
8316301
6837007
2405484
7190963
3010584
13457040
11261731
9590016
13790802
2537715
1850264
7915397
11001022
5395879
8695420
8091656
4754437
11211088
8464206
13406002
10279589
12371088
6713437
2981620
853824
7521468
8427810
16737435
6760440
8098456
25242
15085733
2789813
7565476
9202119
11833440
8617106
9478944
11369985
7651017
13984678
2578715
1714920
4357309
14695658
8930806
14426409
7116116
16007059
10233293
707374
1600416
15307365
5208001
60603
8927207
5038305
8709848
2615336
5027188
486273
16378681
5358742
3481933
5820567
7364649
12830093
14454509
14837497
11065180
2490020
6402007
6791919
6594283
2681509
4609932
6595487
14913755
7909974
12981793
5479512
4248434
2517487
4681866
752263
13822513
11154789
87651
11386439
6715500
10867454
10918192
12525551
15752286
4047094
213912
15089021
4898107
14140640
1300167
338786
14284373
15743386
6065467
9854583
11614862
2372336
4645727
199625
1840521
2434021
3002148
11582060
7401101
11225004
10821848
6642995
14804681
4636974
9351128
16576111
12878375
12842512
14162848
14757059
10333660
5656602
6683971
14921074
4641861
8728472
14519619
10756330
14275776
9009551
13360223
3162368
14470389
443993
3796018
11045388
8636029
7463989
3078164
814125
15564011
10940358
1475081
8543591
2198749
13364910
9812890
1816968
6913634
4290630
3410627
14292038
8600155
11637600
7640765
3878945
4367201
15046490
12244826
6977384
10557886
9335646
11683571
684467
1370538
3633180
1147209
16141910
7841417
13765080
9644353
212484
14792013
4864325
203735
4913400
13781993
16582726
6591433
8676094
14571652
6294251
10352186
324387
1437526
4642723
14760575
13962984
7789559
10245769
5496518
7027234
3948320
12076487
6788961
12947353
12981589
5637769
324601
5677274
5294936
3692187
3890640
3307158
14942898
5653545
12449672
12191718
14738801
11026880
2814824
5187504
9138129
15788267
1257600
32408
15682109
13341466
1176629
3984624
12050629
8623052
2149771
1461629
1871590
5863762
13744799
1225816
16566237
8939863
5887570
9561402
13982794
3421471
7926736
1906053
7798838
621313
7249955
1162018
7826997
6535246
7551211
12008965
5870548
14800652
11783311
8652658
8280986
1074687
12169688
12986212
3589793
14237049
9621485
11366323
15279679
5963957
1949322
7894131
4614711
4686498
11337178
14915755
2724700
9353927
15116664
9491846
687047
9212650
8004553
9477783
936959
13267885
1794936
2086700
13829938
4859005
4956487
11826967
3720905
14555796
15811609
3282488
12735410
15470098
12391368
3750271
13628482
12138763
16307213
9952601
1202118
11290196
12288423
9392565
4242264
6792894
12689600
9120527
8156398
14649699
7082243
10917813
16594649
3761713
13505801
10034627
12877350
16230891
5981764
16339421
4964271
5416047
13655229
13879825
8913242
4753566
8243926
16653776
5683744
8448125
4804068
15824628
9624959
3977785
11254282
16105969
13513363
13787712
12737562
10372187
1711595
4630271
6257072
11134514
9189593
813800
16486611
15021728
6168409
8112736
10556663
5354996
13438101
12460708
8818626
3518003
5569172
6683295
2565586
7432432
11275032
4997047
6791460
2769664
1981201
3722999
14041627
2733165
11954173
15925511
7717008
14027015
2153065
3636965
15200470
795601
8695238
5982122
5422222
16597254
13926884
12088112
2238895
2710423
7079670
16768177
16012290
4090009
5708678
13859682
11033243
11420085
7883752
4184538
14115678
13679974
1024456
6794557
980696
331137
16768310
10174208
1447422
1907841
12533629
12971203
8031279
1000289
4342749
3583047
12197874
1463550
8499510
15538986
11755994
11375832
10655854
6505685
12845338
14014608
6157072
15002727
3579553
6989863
3060471
8895417
8408712
10607593
2634884
6580816
7206681
12438868
4466161
6784145
14943534
2218768
9835980
9508865
5694342
16421701
4455158
6632086
13165739
2524564
8792348
