4
6
2
4
1
impossible
1
8
3
1
2
2
6
4
10
1
2
5
3
1
1
1
3
impossible
impossible
18
2
2
1
1
5
4
1
3
6
5
1
3
1
5
1
1
2
1
2
2
3
1
23
2
3
2
3
2
3
2
1
impossible
1
2
2
impossible
3
1
1
8
2
9
2
2
1
1
1
1
2
3
6
1
4
impossible
2
1
2
impossible
2
1
3
1
2
2
1
impossible
5
1
2
1
2
13
2
impossible
1
3
4
impossible
4
1
impossible
2
2
impossible
4
7
4
6
2
2
4
4
1
1
2
8
impossible
4
1
5
1
3
1
6
2
5
3
2
7
1
2
3
1
1
2
2
1
4
1
3
3
impossible
3
2
1
1
1
2
impossible
6
3
3
1
3
1
2
1
3
2
1
1
2
6
1
10
1
3
9
4
1
2
4
5
2
impossible
10
3
10
2
2
1
impossible
1
1
4
12
2
2
impossible
9
3
1
3
6
