109.49391
54.00775
9.50582
41.52740
46.40842
49.09621
impossible
87.66989
impossible
54.04837
141.71825
100.98190
76.58420
140.54318
8.34705
111.22010
232.27584
53.70831
impossible
impossible
33.41284
22.06469
impossible
282.51482
12.10595
34.89509
77.32480
130.96890
94.08206
impossible
impossible
36.15126
70.89545
51.30604
impossible
44.45736
62.16438
65.45509
115.13028
impossible
116.30134
62.93066
23.73778
102.98620
62.86496
impossible
1.84692
95.93892
55.89561
59.68677
impossible
1.03797
125.63279
11.23690
46.89004
impossible
5.36331
42.70524
43.63667
110.06787
76.97222
64.86491
69.40757
114.94563
40.27999
impossible
101.21692
120.40822
impossible
99.63835
122.14772
51.11244
impossible
2.57909
impossible
100.99696
85.08709
27.30202
91.95254
impossible
impossible
impossible
51.82643
98.90218
118.42576
51.59817
impossible
impossible
87.28048
54.97143
107.89913
87.21662
impossible
impossible
impossible
23.15999
impossible
80.27607
impossible
136.98719
impossible
63.07087
impossible
impossible
53.31721
56.80081
26.81709
27.84249
3.51731
75.79167
28.73570
43.30131
4.48353
79.14686
54.34907
86.19281
76.27841
impossible
58.09629
16.86076
103.25526
77.15948
102.32884
impossible
36.28354
59.53374
75.81695
impossible
impossible
129.01128
51.29532
33.74554
64.19514
impossible
18.11672
73.80645
12.76331
85.24121
35.91199
96.55840
68.76306
33.32569
impossible
impossible
65.82811
59.03580
88.87048
41.29486
47.43407
22.47653
138.37444
81.07665
35.54718
impossible
143.29268
71.73781
impossible
75.75078
66.00293
impossible
109.68692
117.34641
105.43992
107.45424
impossible
126.34832
71.74360
45.75422
59.10651
61.71092
48.57086
114.14408
63.26446
impossible
impossible
16.02979
64.85625
97.97445
impossible
73.42628
131.56780
14.06955
impossible
38.50437
impossible
5.10985
11.76234
70.33628
74.92124
impossible
110.24413
120.26237
20.14411
115.48016
59.00723
57.29959
79.53700
impossible
169.47432
48.89560
69.32567
74.16474
impossible
60.59958
86.25125
49.43107
85.72186
impossible
64.62457
53.73113
impossible
72.77107
20.13323
75.18568
29.64229
impossible
66.93398
impossible
69.94368
impossible
47.23237
impossible
134.57895
impossible
118.34540
63.00886
84.30150
19.91609
impossible
107.43118
73.91999
impossible
139.50219
24.43951
impossible
100.78338
69.03476
100.99327
29.25036
impossible
20.14978
83.15716
64.41454
impossible
8.87023
impossible
impossible
65.35663
61.66541
46.56524
23.97671
55.96130
impossible
66.46778
65.00206
34.61763
impossible
65.11901
impossible
impossible
36.21343
145.13743
147.62641
42.78936
68.81753
1.40869
41.57799
impossible
96.24080
39.25833
38.39678
65.81234
42.44650
217.05161
130.54380
impossible
53.32131
59.81702
73.65956
impossible
38.61101
44.02064
68.29407
62.51381
31.37472
impossible
33.24888
43.83634
impossible
25.79513
62.83005
87.84653
78.46722
82.81664
26.20482
impossible
40.94178
86.11590
68.61756
68.72946
impossible
impossible
6.32500
39.58139
impossible
26.46672
61.68734
41.38046
27.61616
103.25957
122.61132
33.84917
impossible
98.72473
129.21276
64.42395
36.57626
22.59266
109.71759
33.25112
43.40195
58.40936
91.23447
69.95641
impossible
32.30870
impossible
81.68819
62.08032
18.50526
32.87378
93.30868
50.32204
impossible
impossible
14.22603
7.54251
impossible
impossible
impossible
76.46047
74.41113
76.74005
102.93693
70.23186
62.88002
93.26151
impossible
impossible
113.37159
29.95452
71.78343
1.31760
53.64343
impossible
impossible
176.93131
12.72602
82.60382
impossible
54.00563
42.02869
65.68392
impossible
impossible
impossible
85.06225
impossible
21.74255
67.20404
28.11130
18.98610
impossible
95.15804
impossible
89.12133
impossible
47.18293
impossible
43.19283
impossible
impossible
4.79167
52.80998
impossible
88.67182
113.34342
92.20510
119.43294
impossible
66.67057
70.69295
113.66308
78.04872
116.06351
94.45905
impossible
17.76189
86.01224
59.16161
impossible
125.73985
98.04079
67.48370
impossible
36.09216
101.68381
87.22262
impossible
35.71079
10.94057
68.84186
63.29806
123.21018
74.95899
impossible
88.98121
255.83552
impossible
64.07138
51.94086
91.96164
68.90389
88.73527
6.57675
impossible
13.24226
impossible
14.78460
10.57596
49.17173
impossible
119.37512
128.68849
48.00765
78.21136
136.55648
47.82783
79.08772
80.20759
impossible
77.60134
123.63251
86.64696
89.77251
53.94889
24.47829
58.88602
75.88499
63.92444
91.86027
impossible
impossible
impossible
7.03127
impossible
5.77754
impossible
impossible
62.39198
impossible
51.57126
97.40468
15.65919
55.06332
57.15759
116.53595
impossible
66.54551
45.78000
63.49500
74.42456
32.57100
139.55895
impossible
impossible
23.86964
7.91735
68.96691
impossible
55.80347
impossible
impossible
6.37422
82.27923
179.27077
52.30029
impossible
161.67326
impossible
27.11878
108.75277
52.10369
9.00380
78.42997
44.53375
96.72439
87.12424
67.91747
11.28675
30.14566
78.03600
76.18189
32.52312
86.44193
34.55357
impossible
106.49619
56.09152
84.34835
25.61495
impossible
impossible
impossible
121.60063
impossible
90.64744
103.59054
5.60045
111.38725
139.37231
9.70047
57.61477
41.15570
179.31908
77.81145
77.49224
118.59451
impossible
impossible
57.81436
impossible
29.51575
impossible
impossible
impossible
99.57320
impossible
73.33932
33.80592
86.71922
74.85500
impossible
81.84953
65.87186
221.14840
54.61410
impossible
75.50432
91.25018
impossible
80.65059
49.81729
32.92175
63.51289
impossible
67.18847
63.18779
impossible
impossible
impossible
impossible
74.20503
impossible
impossible
90.73296
impossible
impossible
110.56407
35.77096
16.45075
76.68222
75.24768
98.69581
76.81531
118.73188
43.94656
51.26793
83.36772
impossible
62.26234
88.20753
impossible
94.56596
54.79668
62.51392
impossible
111.62208
57.04588
impossible
89.10711
76.20215
151.43344
82.26016
134.00642
286.36177
71.89522
173.38895
impossible
24.60996
93.46322
71.54809
25.59277
66.17254
63.99014
120.23372
65.10225
75.71768
108.07705
57.43075
105.08799
impossible
impossible
impossible
124.56532
impossible
245.47863
57.21198
42.38518
74.25084
66.16399
72.35681
impossible
123.88124
12.27852
impossible
43.42046
88.97856
impossible
101.76973
68.29468
107.23414
57.31425
3.56182
55.14155
128.24942
impossible
impossible
42.88242
80.20307
114.52408
40.70159
108.56478
impossible
21.87103
107.17915
impossible
impossible
impossible
12.14487
impossible
29.85890
127.81692
61.80276
48.06528
1.33399
impossible
88.72963
90.37497
impossible
61.50458
66.17410
impossible
impossible
37.48349
impossible
impossible
impossible
58.35099
42.73394
117.69062
171.96243
81.32515
28.39921
71.93784
41.60013
68.79255
10.18871
impossible
19.85556
36.32599
25.40095
5.71550
43.50369
impossible
impossible
impossible
74.27320
44.27896
impossible
impossible
14.38201
impossible
55.26264
52.04185
impossible
10.34239
158.40450
95.79240
impossible
44.55554
50.75697
41.26931
23.78797
93.06658
87.67845
59.86031
82.57041
68.44712
41.79098
65.44772
36.53231
122.12492
49.72173
impossible
49.07658
82.97910
impossible
impossible
51.20533
14.66029
104.26427
40.24349
impossible
127.70904
30.46536
impossible
72.59970
106.47086
83.65583
58.33190
94.66502
84.74009
87.92246
78.20859
90.37643
5.52249
67.33456
impossible
51.22236
impossible
96.58535
impossible
impossible
6.41283
112.69269
76.21286
91.69430
impossible
138.60936
impossible
54.94269
impossible
113.49730
114.86843
53.16150
94.65959
71.67161
114.33154
101.07637
18.98149
71.66432
32.39772
49.10350
230.11076
160.50194
63.33234
20.66706
82.03088
163.56551
139.46331
impossible
62.49304
impossible
104.39521
135.42666
impossible
57.23585
46.55024
impossible
66.70451
76.22347
43.21059
41.01707
impossible
impossible
44.58784
89.09395
62.38918
34.19645
impossible
87.60378
impossible
17.16768
impossible
98.87610
impossible
111.00306
113.88436
95.86792
impossible
impossible
92.34928
13.48184
55.68326
109.27536
impossible
106.02415
195.70606
impossible
81.53850
58.71131
155.08746
impossible
50.10290
61.64272
55.46279
75.87124
30.04423
impossible
63.59199
32.59217
97.81470
104.08436
0.94489
impossible
50.94386
impossible
impossible
90.30294
35.52707
43.19333
155.56916
86.68139
199.72934
119.79397
88.37721
impossible
87.92719
66.47525
impossible
90.58494
impossible
32.59983
8.11740
70.71859
127.35686
63.48383
73.31253
impossible
60.99115
193.95791
impossible
38.70596
35.60654
59.83351
impossible
139.74067
94.25613
59.24100
74.66289
impossible
69.56897
impossible
21.79893
impossible
impossible
impossible
69.46872
6.04685
impossible
85.29508
impossible
13.17559
85.26018
84.57448
impossible
50.47986
79.85853
134.05325
impossible
64.78788
65.71055
impossible
76.75533
30.35456
38.82446
129.57596
156.66850
119.51508
122.84101
106.06654
impossible
55.90445
18.19784
37.72509
109.74213
66.55658
impossible
87.30298
113.88345
39.36791
75.73928
55.17321
67.93841
97.61481
impossible
85.49567
25.21125
26.79218
51.36710
62.74026
impossible
4.93256
71.38016
19.28485
87.63511
impossible
impossible
193.04329
30.42719
impossible
54.90605
impossible
54.98578
impossible
261.15601
impossible
28.80667
impossible
46.31060
43.23284
108.37032
16.35281
impossible
76.58102
50.75357
134.66444
86.40406
47.27285
impossible
50.16943
17.80119
impossible
52.09856
36.59021
32.18909
impossible
impossible
26.59773
20.11761
84.06980
impossible
impossible
87.57549
82.78960
impossible
impossible
36.10519
impossible
42.15183
impossible
38.11983
65.11146
49.90243
impossible
34.15545
impossible
impossible
impossible
105.41643
impossible
50.52792
34.97075
29.05129
50.55248
49.24468
27.55177
90.41285
57.64863
impossible
118.16350
78.94665
37.84815
1.63802
102.87489
15.23362
83.39346
84.85705
158.79310
58.22836
87.00992
impossible
79.46486
16.52005
impossible
39.51260
51.56039
120.40726
101.84000
