18889 3.500000000000725E-5
2 2.5
100 0.5
2 1.0
4 0.75
5 0.6
4 0.8
13 9.785714285714286
0 1.0
11 1.0
10 1.0
69 904.0
12701 45.226071050352935
7669 731.9225700472016
9732 504.98413778027503
2306 631.448548387154
9176 961.0755274669261
6981 687.2395261484198
5343 385.44742708222475
18203 318.8189094033189
11349 245.07752138967948
4326 1346.2011966123912
5708 69.63359764958079
3477 1249.010784834558
631 2586.5838773306627
4526 1500.9526651099025
12802 572.8765696775564
9926 110.67363688566421
4252 1062.2229103945858
6401 820.0914043583907
6474 601.4489361702086
14396 568.7074943123519
195 20863.01618835032
586 4712.906308724778
4669 209.13103448276766
9489 136.85144753403438
6547 652.2105221077312
14930 257.2603728201939
6403 1369.0589607232916
19471 199.36104658539065
5378 1083.645155855082
18657 432.89893464584435
8185 327.3921049751807
2196 1517.698013245128
7944 752.5447945308399
12327 533.180289943035
17650 514.3287865310126
1608 184.97480339559843
19312 152.96920802214578
19187 386.2034745762823
9071 979.472931348253
6706 197.856724486046
11715 221.1677445652196
15773 239.45554202262815
11718 146.66269716087845
19799 429.421172993302
14715 232.91803609913768
11168 308.5671585032251
6975 986.6614138532992
9115 293.12679419985506
5577 1482.0922742139194
11165 240.96993286466613
13922 371.6768442062661
3525 1332.0988713090774
14794 273.54571172785944
13570 502.81551499171405
13043 18.135535074194397
13025 172.94558216154027
14430 279.7041807875694
10364 292.2415841584261
15408 234.80313044111244
14988 112.54440048988224
10773 598.9216956277378
15815 92.74487875891595
850 212.37193627469242
11816 496.97145127117983
19449 200.7957572520537
11354 317.1058362369318
1703 3668.5013625672277
12385 399.0493911665015
7919 892.5394373917173
19817 196.67549628589768
9780 310.203756254632
1061 2969.5872211581686
19698 260.46360400668345
12973 122.12289185042027
6646 383.9047434395179
3100 95.37750854208917
3262 789.1282551821787
77 37386.093956053526
15775 196.2792489209678
11803 56.72282677463954
18442 213.52577242371626
16914 144.0362666436316
16847 287.09108641505657
8285 205.20875336544123
4978 825.460142869859
687 2242.8325599321033
19729 8.247892969287932
6202 530.4151435173117
