8.881784197001252E-14
14.866057130748267
25.0
25.0
25.0
23.765246170202037
46.6941386978597
7.000000000000028
3.9527917402520707
11.000000000000032
26.440922093031993
18.66927248561483
15.77796883550766
29.572888635299055
7.36709868571781
3.194544709946001
30.156500807257203
43.63701227299002
1.0000000000000675
6.59391276752288
45.54173427579009
19.511848209581384
67.96929695706675
8.881784197001252E-14
8.881784197001252E-14
8.103321505517691
40.33739105419727
14.142446313982848
8.881784197001252E-14
57.554956426946816
36.88561287647829
3.286357914261373
2.516907540484681
19.00000000000004
3.399240315153307
21.859032122781752
20.894962804369488
18.794748796015526
34.00000000000007
51.56546250655589
3.8298259571020843
8.881784197001252E-14
0.5453618069259925
36.2669926642357
25.00852340059927
32.00000000000003
13.535854656540725
34.00000000000007
29.54395991174552
28.64535178899681
19.138686971851193
8.97316004844475
8.415354708162415
71.84124301186188
6.276986045100674
25.0
3.4976410900108057
18.0846950575142
42.07226306088634
76.07192149764882
21.08147377603995
1.808772148651805
37.32001767895525
7.850017746805005
19.651566057973824
2.000000000000046
6.6691163119122265
8.881784197001252E-14
0.08522859144406425
0.24322245352603744
16.109724188438168
20.000000000000018
25.10779301181474
8.017520833414604
14.475134613009288
1.1872097723317765
5.000000000000071
38.31400358549226
43.29780674888548
32.00000000000003
9.000000000000075
24.660638970461157
31.975963829572773
8.881784197001252E-14
42.59281828936699
71.11336644987017
29.40295059691449
8.881784197001252E-14
8.881784197001252E-14
4.714671249225155
5.000000000000071
14.000000000000057
24.59665409581797
1.283629856843671
18.00000000000006
2.000000000000046
19.286318321395868
50.02201539685069
71.36026816221062
59.07636542254204
