1.0000000000000000
0.7500000000000000
0.2500000000000000
0.3134698433566842
0.2870385993607224
0.2838268618714448
0.2835045150924463
0.2834722720738033
0.2834690476917763
0.2834687252527754
0.0839448020619372
0.1142861801599149
0.1171849782614669
0.1174713233037809
0.1174999203843036
0.1175027797160971
0.0000000000000000
0.0000000000000000
0.0000006736820170
0.0000572917533343
0.0039014079169721
0.0100454650037346
0.0229855765249604
0.3934694009404422
0.0010764241475701
0.0001206942812135
0.0000000000000000
0.0000000000000000
0.0313767882185947
0.0000030741393004
