0
39800000
11606
15554
14324
19864
impossible
impossible
impossible
3082
3998
3103
5614
4052
5565
9997
5449
5302
impossible
20677
5149
2642
impossible
impossible
6585
impossible
1788
impossible
5046
6984
14132
6349
18965
impossible
8762
7130
impossible
impossible
2427
0
9082
3997
4913
6146
impossible
9788
22398
5243
12040
impossible
55129
impossible
17670
4206
impossible
3970
12446
5108
14011
45322
25033
12396
9892
5708
12626
7807
0
12931
18928
7836
29810
5929
12494
3940
4255
11678
8089
10687
44151
impossible
6443
101812
3924
impossible
6398
5848
4602
10180
0
6236
impossible
impossible
39716
5053
impossible
6538
6260
6539
6372
6376
