0
2
impossible
impossible
22
23
impossible
18
23
impossible
impossible
25
23
20
impossible
impossible
impossible
18
impossible
22
14
15
impossible
18
24
impossible
24
22
23
26
impossible
impossible
impossible
15
impossible
23
impossible
20
19
impossible
25
impossible
impossible
24
impossible
26
impossible
25
impossible
impossible
impossible
impossible
impossible
impossible
24
24
impossible
impossible
impossible
impossible
impossible
impossible
impossible
22
impossible
impossible
impossible
22
impossible
27
17
22
24
25
25
impossible
impossible
impossible
23
21
impossible
23
25
18
impossible
19
impossible
19
24
impossible
impossible
impossible
21
24
27
impossible
21
21
22
impossible
