18798
90240
22091
37688
60634
21749
60614
20238
70930
27427
78330
10271
9789
28243
33747
29282
58536
59105
23311
71936
76705
28911
78992
48485
80249
66567
44515
44076
52221
26005
12003
31164
65293
35607
52545
26166
89957
57865
56294
38857
41121
81940
41742
16016
64145
3881
60145
26024
24395
14849
40428
27285
35419
9996
77081
6414
42717
21454
41723
25315
95198
6766
20553
40199
70844
8100
62390
24374
75885
46698
56233
1943
59468
50240
15447
74760
55671
83853
37815
71619
12330
12350
15905
76911
70364
62088
18611
1538
75857
53672
30031
75020
49556
33522
40715
78422
32894
54440
22080
30646
