0.504
0.114
0.987
0.993
1.000
1.000
0.932
0.684
1.000
0.320
0.132
0.277
0.137
0.207
0.367
0.968
0.923
1.000
0.147
0.453
0.374
0.642
1.000
0.811
0.931
0.987
0.824
0.997
0.961
0.075
0.997
0.024
1.000
0.095
1.000
0.137
0.129
0.217
0.463
0.260
0.350
0.714
0.747
0.423
0.991
0.444
0.980
0.130
0.848
0.657
1.000
1.000
0.922
0.690
0.416
0.248
1.000
0.026
0.938
0.999
0.260
0.330
0.504
1.000
0.996
0.990
0.970
0.657
0.044
1.000
1.000
0.823
0.997
1.000
1.000
1.000
0.944
1.000
0.923
0.004
0.389
0.438
0.110
1.000
1.000
1.000
0.983
0.240
0.558
0.038
0.063
0.718
0.131
1.000
0.824
0.885
0.072
1.000
1.000
1.000
