2
game over
1
18
game over
7
game over
game over
1
game over
game over
7
game over
5
game over
9
game over
8
game over
3
game over
16
4
4
game over
6
13
4
6
4
8
4
game over
10
7
12
game over
game over
6
game over
game over
game over
3
game over
2
7
game over
14
2
3
6
game over
2
3
3
4
7
7
game over
6
6
8
10
2
5
8
game over
game over
game over
6
game over
6
4
6
10
2
game over
7
2
3
game over
6
game over
3
game over
6
3
6
4
2
9
10
17
5
game over
7
8
game over
15
3
