0
0
41
33
1694
107336
5543
36445
87345
147087
47446
204476
35039
32496
252637
24761
183950
570439
11036
22946
540720
761214
691731
248771
404837
31980
42717
330442
272371
66587
26277
81156
201684
69860
278605
43457
281122
86103
156208
373806
161039
468283
122315
328097
58923
179081
39894
106519
365466
24892
699940
456300
358630
150202
133
458
227
22
4651
1278
4406
1897
745
100
686
14960
6831
8119
1162
5487
4827
3136
6313
155
7865
116
4521
582
125
237
14375
1030
2649
15565
100
5601
5474
5740
244
11167
8271
10009
1409
272
249
4791
568
3436
682
