1000.000000000000000
1000.050000416679300
1009.347978460364200
154.204974220366550
516.767403439159120
297.590817802802920
963.580357616876090
466.493526402699960
972.182242971691150
709.575148821702670
941.397084447491350
481.920369328962350
287.590544785010370
483.935559209060220
170.112823901178810
949.573386969862670
1006.021352370558400
114.000000000000000
96.563309592965638
933.086645689065560
248.567774457876740
567.174915678415350
713.117918895240680
686.362966527261510
44.782035441432143
110.078536959310980
633.615922852765610
771.493948818195460
404.585914020589260
862.989006302108240
245.064788715577630
495.571056069252510
568.456690160359240
234.000000000000000
310.438305546224000
869.678612203948210
411.210431218068150
17.732047770643216
211.355319834647280
847.741981586601010
552.520143541082230
327.530002355430210
340.945451558543370
166.415576463278140
444.973987784631280
83.064160667032013
947.200975998051380
426.468443000317280
12.000000000000000
372.517505080809880
